0 info it worked if it ends with ok
1 verbose cli [ '/usr/local/opt/nvm/versions/node/v6.9.2/bin/node',
1 verbose cli   '/usr/local/opt/nvm/versions/node/v6.9.2/bin/npm',
1 verbose cli   'publish' ]
2 info using npm@4.1.1
3 info using node@v6.9.2
4 verbose publish [ '.' ]
5 silly cache add args [ '.', null ]
6 verbose cache add spec .
7 silly cache add parsed spec Result {
7 silly cache add   raw: '.',
7 silly cache add   scope: null,
7 silly cache add   escapedName: null,
7 silly cache add   name: null,
7 silly cache add   rawSpec: '.',
7 silly cache add   spec: '/Users/bubuzzz/Projects/js/node/compare_keys',
7 silly cache add   type: 'directory' }
8 verbose addLocalDirectory /Users/bubuzzz/.npm/compare_keys/1.0.0/package.tgz not in flight; packing
9 verbose correctMkdir /Users/bubuzzz/.npm correctMkdir not in flight; initializing
10 info lifecycle compare_keys@1.0.0~prepublish: compare_keys@1.0.0
11 silly lifecycle compare_keys@1.0.0~prepublish: no script for prepublish, continuing
12 info lifecycle compare_keys@1.0.0~prepare: compare_keys@1.0.0
13 silly lifecycle compare_keys@1.0.0~prepare: no script for prepare, continuing
14 verbose tar pack [ '/Users/bubuzzz/.npm/compare_keys/1.0.0/package.tgz',
14 verbose tar pack   '/Users/bubuzzz/Projects/js/node/compare_keys' ]
15 verbose tarball /Users/bubuzzz/.npm/compare_keys/1.0.0/package.tgz
16 verbose folder /Users/bubuzzz/Projects/js/node/compare_keys
17 verbose addLocalTarball adding from inside cache /Users/bubuzzz/.npm/compare_keys/1.0.0/package.tgz
18 verbose correctMkdir /Users/bubuzzz/.npm correctMkdir not in flight; initializing
19 silly cache afterAdd compare_keys@1.0.0
20 verbose afterAdd /Users/bubuzzz/.npm/compare_keys/1.0.0/package/package.json not in flight; writing
21 verbose correctMkdir /Users/bubuzzz/.npm correctMkdir not in flight; initializing
22 verbose afterAdd /Users/bubuzzz/.npm/compare_keys/1.0.0/package/package.json written
23 silly publish { name: 'compare_keys',
23 silly publish   version: '1.0.0',
23 silly publish   description: 'Compare keys (only) inside an object',
23 silly publish   repository:
23 silly publish    { type: 'git',
23 silly publish      url: 'git+https://github.com/bubuzzz/compare_keys.git' },
23 silly publish   main: 'index.js',
23 silly publish   scripts: { test: 'mocha' },
23 silly publish   devDependencies: { mocha: '^2.2.5' },
23 silly publish   author: { name: 'Thai Tran' },
23 silly publish   license: 'ISC',
23 silly publish   readme: 'Compare keys (only) inside an object\n\n* Installation *\nnpm install --save compare_keys\n\n* Usage *\n\n```javascript\n// ES5\nvar compareKeys = require(\'compare_keys\');\n\n// import compareKeys from \'compare_keys\';\ncompareKeys( { test: 1}, { test: 2}) // return true\ncompareKeys( { test: 1}, { test1: 2}) // return false\ncompareKeys( { test: 1, test2: 3}, { test: 2}) // return false\n\n```\n',
23 silly publish   readmeFilename: 'README.md',
23 silly publish   gitHead: 'abb065d3f45262736f9b5ba79eb3b6d67ff4fabc',
23 silly publish   bugs: { url: 'https://github.com/bubuzzz/compare_keys/issues' },
23 silly publish   homepage: 'https://github.com/bubuzzz/compare_keys#readme',
23 silly publish   _id: 'compare_keys@1.0.0',
23 silly publish   _shasum: '757ed9650032eb2ed8e15ec93613c1f9f0f5cafa',
23 silly publish   _from: '.' }
24 info lifecycle compare_keys@1.0.0~prepublishOnly: compare_keys@1.0.0
25 silly lifecycle compare_keys@1.0.0~prepublishOnly: no script for prepublishOnly, continuing
26 verbose getPublishConfig undefined
27 silly mapToRegistry name compare_keys
28 silly mapToRegistry using default registry
29 silly mapToRegistry registry https://registry.npmjs.org/
30 silly mapToRegistry data Result {
30 silly mapToRegistry   raw: 'compare_keys',
30 silly mapToRegistry   scope: null,
30 silly mapToRegistry   escapedName: 'compare_keys',
30 silly mapToRegistry   name: 'compare_keys',
30 silly mapToRegistry   rawSpec: '',
30 silly mapToRegistry   spec: 'latest',
30 silly mapToRegistry   type: 'tag' }
31 silly mapToRegistry uri https://registry.npmjs.org/compare_keys
32 verbose publish registryBase https://registry.npmjs.org/
33 silly publish uploading /Users/bubuzzz/.npm/compare_keys/1.0.0/package.tgz
34 verbose request uri https://registry.npmjs.org/compare_keys
35 verbose request sending authorization for write operation
36 info attempt registry request try #1 at 10:14:32 AM
37 verbose request using bearer token for auth
38 verbose request id a0b31bba5bcb16d8
39 http request PUT https://registry.npmjs.org/compare_keys
40 http 403 https://registry.npmjs.org/compare_keys
41 verbose headers { 'content-type': 'application/json',
41 verbose headers   'cache-control': 'max-age=300',
41 verbose headers   'content-length': '95',
41 verbose headers   'accept-ranges': 'bytes',
41 verbose headers   date: 'Thu, 16 Feb 2017 23:14:33 GMT',
41 verbose headers   via: '1.1 varnish',
41 verbose headers   connection: 'keep-alive',
41 verbose headers   'x-served-by': 'cache-mel6521-MEL',
41 verbose headers   'x-cache': 'MISS',
41 verbose headers   'x-cache-hits': '0',
41 verbose headers   'x-timer': 'S1487286872.555687,VS0,VE793',
41 verbose headers   vary: 'Accept-Encoding' }
42 verbose request invalidating /Users/bubuzzz/.npm/registry.npmjs.org/compare_keys on PUT
43 error publish Failed PUT 403
44 verbose stack Error: "You cannot publish over the previously published version 1.0.0." : compare_keys
44 verbose stack     at makeError (/usr/local/opt/nvm/versions/node/v6.9.2/lib/node_modules/npm/node_modules/npm-registry-client/lib/request.js:304:12)
44 verbose stack     at CachingRegistryClient.<anonymous> (/usr/local/opt/nvm/versions/node/v6.9.2/lib/node_modules/npm/node_modules/npm-registry-client/lib/request.js:292:14)
44 verbose stack     at Request._callback (/usr/local/opt/nvm/versions/node/v6.9.2/lib/node_modules/npm/node_modules/npm-registry-client/lib/request.js:212:14)
44 verbose stack     at Request.self.callback (/usr/local/opt/nvm/versions/node/v6.9.2/lib/node_modules/npm/node_modules/request/request.js:186:22)
44 verbose stack     at emitTwo (events.js:106:13)
44 verbose stack     at Request.emit (events.js:191:7)
44 verbose stack     at Request.<anonymous> (/usr/local/opt/nvm/versions/node/v6.9.2/lib/node_modules/npm/node_modules/request/request.js:1081:10)
44 verbose stack     at emitOne (events.js:96:13)
44 verbose stack     at Request.emit (events.js:188:7)
44 verbose stack     at IncomingMessage.<anonymous> (/usr/local/opt/nvm/versions/node/v6.9.2/lib/node_modules/npm/node_modules/request/request.js:1001:12)
45 verbose statusCode 403
46 verbose pkgid compare_keys
47 verbose cwd /Users/bubuzzz/Projects/js/node/compare_keys
48 error Darwin 16.4.0
49 error argv "/usr/local/opt/nvm/versions/node/v6.9.2/bin/node" "/usr/local/opt/nvm/versions/node/v6.9.2/bin/npm" "publish"
50 error node v6.9.2
51 error npm  v4.1.1
52 error code E403
53 error "You cannot publish over the previously published version 1.0.0." : compare_keys
54 error If you need help, you may report this error at:
54 error     <https://github.com/npm/npm/issues>
55 verbose exit [ 1, true ]
